# JRE version: OpenJDK Runtime Environment (8.0_152-b06) (build 1.8.0_152-release-1136-b06)
# Java VM: OpenJDK 64-Bit Server VM (25.152-b06 mixed mode linux-amd64 compressed oops)
Heap:
 PSYoungGen      total 314368K, used 24135K [0x00000000e0000000, 0x00000000f9380000, 0x0000000100000000)
  eden space 224768K, 0% used [0x00000000e0000000,0x00000000e0000000,0x00000000edb80000)
  from space 89600K, 26% used [0x00000000edb80000,0x00000000ef311f98,0x00000000f3300000)
  to   space 80384K, 0% used [0x00000000f3300000,0x00000000f3300000,0x00000000f8180000)
 ParOldGen       total 102912K, used 23490K [0x00000000a0000000, 0x00000000a6480000, 0x00000000e0000000)
  object space 102912K, 22% used [0x00000000a0000000,0x00000000a16f09a8,0x00000000a6480000)
 Metaspace       used 50917K, capacity 52064K, committed 53376K, reserved 1095680K
  class space    used 5855K, capacity 6105K, committed 6528K, reserved 1048576K
GC Heap History (10 events):
Event: 7593.183 GC heap after
Heap after GC invocations=21 (full 4):
 PSYoungGen      total 177152K, used 37882K [0x00000000e0000000, 0x00000000f2380000, 0x0000000100000000)
  eden space 139264K, 0% used [0x00000000e0000000,0x00000000e0000000,0x00000000e8800000)
  from space 37888K, 99% used [0x00000000e8800000,0x00000000eacfebf0,0x00000000ead00000)
  to   space 48640K, 0% used [0x00000000ef400000,0x00000000ef400000,0x00000000f2380000)
 ParOldGen       total 102912K, used 29767K [0x00000000a0000000, 0x00000000a6480000, 0x00000000e0000000)
  object space 102912K, 28% used [0x00000000a0000000,0x00000000a1d11fc8,0x00000000a6480000)
 Metaspace       used 49675K, capacity 50674K, committed 53120K, reserved 1095680K
  class space    used 5770K, capacity 5990K, committed 6528K, reserved 1048576K
}
Event: 7724.490 GC heap before
{Heap before GC invocations=22 (full 4):
 PSYoungGen      total 177152K, used 177146K [0x00000000e0000000, 0x00000000f2380000, 0x0000000100000000)
  eden space 139264K, 100% used [0x00000000e0000000,0x00000000e8800000,0x00000000e8800000)
  from space 37888K, 99% used [0x00000000e8800000,0x00000000eacfebf0,0x00000000ead00000)
  to   space 48640K, 0% used [0x00000000ef400000,0x00000000ef400000,0x00000000f2380000)
 ParOldGen       total 102912K, used 29767K [0x00000000a0000000, 0x00000000a6480000, 0x00000000e0000000)
  object space 102912K, 28% used [0x00000000a0000000,0x00000000a1d11fc8,0x00000000a6480000)
 Metaspace       used 50102K, capacity 51156K, committed 53120K, reserved 1095680K
  class space    used 5800K, capacity 6063K, committed 6528K, reserved 1048576K
Event: 7724.784 GC heap after
Heap after GC invocations=22 (full 4):
 PSYoungGen      total 225792K, used 48626K [0x00000000e0000000, 0x00000000f2400000, 0x0000000100000000)
  eden space 177152K, 0% used [0x00000000e0000000,0x00000000e0000000,0x00000000ead00000)
  from space 48640K, 99% used [0x00000000ef400000,0x00000000f237ca88,0x00000000f2380000)
  to   space 60928K, 0% used [0x00000000ead00000,0x00000000ead00000,0x00000000ee880000)
 ParOldGen       total 102912K, used 41059K [0x00000000a0000000, 0x00000000a6480000, 0x00000000e0000000)
  object space 102912K, 39% used [0x00000000a0000000,0x00000000a2818ea8,0x00000000a6480000)
 Metaspace       used 50102K, capacity 51156K, committed 53120K, reserved 1095680K
  class space    used 5800K, capacity 6063K, committed 6528K, reserved 1048576K
}
Event: 7726.001 GC heap before
{Heap before GC invocations=23 (full 4):
 PSYoungGen      total 225792K, used 225778K [0x00000000e0000000, 0x00000000f2400000, 0x0000000100000000)
  eden space 177152K, 100% used [0x00000000e0000000,0x00000000ead00000,0x00000000ead00000)
  from space 48640K, 99% used [0x00000000ef400000,0x00000000f237ca88,0x00000000f2380000)
  to   space 60928K, 0% used [0x00000000ead00000,0x00000000ead00000,0x00000000ee880000)
 ParOldGen       total 102912K, used 41059K [0x00000000a0000000, 0x00000000a6480000, 0x00000000e0000000)
  object space 102912K, 39% used [0x00000000a0000000,0x00000000a2818ea8,0x00000000a6480000)
 Metaspace       used 50329K, capacity 51412K, committed 53120K, reserved 1095680K
  class space    used 5820K, capacity 6063K, committed 6528K, reserved 1048576K
Event: 7726.310 GC heap after
Heap after GC invocations=23 (full 4):
 PSYoungGen      total 238080K, used 60897K [0x00000000e0000000, 0x00000000f8180000, 0x0000000100000000)
  eden space 177152K, 0% used [0x00000000e0000000,0x00000000e0000000,0x00000000ead00000)
  from space 60928K, 99% used [0x00000000ead00000,0x00000000ee878748,0x00000000ee880000)
  to   space 80384K, 0% used [0x00000000f3300000,0x00000000f3300000,0x00000000f8180000)
 ParOldGen       total 102912K, used 67320K [0x00000000a0000000, 0x00000000a6480000, 0x00000000e0000000)
  object space 102912K, 65% used [0x00000000a0000000,0x00000000a41be1c0,0x00000000a6480000)
 Metaspace       used 50329K, capacity 51412K, committed 53120K, reserved 1095680K
  class space    used 5820K, capacity 6063K, committed 6528K, reserved 1048576K
}
Event: 8081.074 GC heap before
{Heap before GC invocations=24 (full 4):
 PSYoungGen      total 238080K, used 140932K [0x00000000e0000000, 0x00000000f8180000, 0x0000000100000000)
  eden space 177152K, 45% used [0x00000000e0000000,0x00000000e4e28ab8,0x00000000ead00000)
  from space 60928K, 99% used [0x00000000ead00000,0x00000000ee878748,0x00000000ee880000)
  to   space 80384K, 0% used [0x00000000f3300000,0x00000000f3300000,0x00000000f8180000)
 ParOldGen       total 102912K, used 67320K [0x00000000a0000000, 0x00000000a6480000, 0x00000000e0000000)
  object space 102912K, 65% used [0x00000000a0000000,0x00000000a41be1c0,0x00000000a6480000)
 Metaspace       used 50450K, capacity 51546K, committed 53120K, reserved 1095680K
  class space    used 5822K, capacity 6064K, committed 6528K, reserved 1048576K
Event: 8081.153 GC heap after
Heap after GC invocations=24 (full 4):
 PSYoungGen      total 305152K, used 68372K [0x00000000e0000000, 0x00000000f9380000, 0x0000000100000000)
  eden space 224768K, 0% used [0x00000000e0000000,0x00000000e0000000,0x00000000edb80000)
  from space 80384K, 85% used [0x00000000f3300000,0x00000000f75c5310,0x00000000f8180000)
  to   space 89600K, 0% used [0x00000000edb80000,0x00000000edb80000,0x00000000f3300000)
 ParOldGen       total 102912K, used 67328K [0x00000000a0000000, 0x00000000a6480000, 0x00000000e0000000)
  object space 102912K, 65% used [0x00000000a0000000,0x00000000a41c01c0,0x00000000a6480000)
 Metaspace       used 50450K, capacity 51546K, committed 53120K, reserved 1095680K
  class space    used 5822K, capacity 6064K, committed 6528K, reserved 1048576K
}
Event: 8081.153 GC heap before
{Heap before GC invocations=25 (full 5):
 PSYoungGen      total 305152K, used 68372K [0x00000000e0000000, 0x00000000f9380000, 0x0000000100000000)
  eden space 224768K, 0% used [0x00000000e0000000,0x00000000e0000000,0x00000000edb80000)
  from space 80384K, 85% used [0x00000000f3300000,0x00000000f75c5310,0x00000000f8180000)
  to   space 89600K, 0% used [0x00000000edb80000,0x00000000edb80000,0x00000000f3300000)
 ParOldGen       total 102912K, used 67328K [0x00000000a0000000, 0x00000000a6480000, 0x00000000e0000000)
  object space 102912K, 65% used [0x00000000a0000000,0x00000000a41c01c0,0x00000000a6480000)
 Metaspace       used 50450K, capacity 51546K, committed 53120K, reserved 1095680K
  class space    used 5822K, capacity 6064K, committed 6528K, reserved 1048576K
Event: 8082.049 GC heap after
Heap after GC invocations=25 (full 5):
 PSYoungGen      total 305152K, used 0K [0x00000000e0000000, 0x00000000f9380000, 0x0000000100000000)
  eden space 224768K, 0% used [0x00000000e0000000,0x00000000e0000000,0x00000000edb80000)
  from space 80384K, 0% used [0x00000000f3300000,0x00000000f3300000,0x00000000f8180000)
  to   space 89600K, 0% used [0x00000000edb80000,0x00000000edb80000,0x00000000f3300000)
 ParOldGen       total 102912K, used 23482K [0x00000000a0000000, 0x00000000a6480000, 0x00000000e0000000)
  object space 102912K, 22% used [0x00000000a0000000,0x00000000a16ee9a8,0x00000000a6480000)
 Metaspace       used 50171K, capacity 51186K, committed 53120K, reserved 1095680K
  class space    used 5784K, capacity 6016K, committed 6528K, reserved 1048576K
}
Event: 9852.786 GC heap before
{Heap before GC invocations=26 (full 5):
 PSYoungGen      total 305152K, used 224209K [0x00000000e0000000, 0x00000000f9380000, 0x0000000100000000)
  eden space 224768K, 99% used [0x00000000e0000000,0x00000000edaf45d0,0x00000000edb80000)
  from space 80384K, 0% used [0x00000000f3300000,0x00000000f3300000,0x00000000f8180000)
  to   space 89600K, 0% used [0x00000000edb80000,0x00000000edb80000,0x00000000f3300000)
 ParOldGen       total 102912K, used 23482K [0x00000000a0000000, 0x00000000a6480000, 0x00000000e0000000)
  object space 102912K, 22% used [0x00000000a0000000,0x00000000a16ee9a8,0x00000000a6480000)
 Metaspace       used 50917K, capacity 52064K, committed 53376K, reserved 1095680K
  class space    used 5855K, capacity 6105K, committed 6528K, reserved 1048576K

